Using pre-set license
Built from '2021.3/staging' branch; Version is '2021.3.29f1 (204d6dc9ae1c) revision 2116973'; Using compiler version '192829333'; Build Type 'Release'
OS: 'Windows 11  (10.0.22621) 64bit Core' Language: 'en' Physical Memory: 15780 MB
BatchMode: 1, IsHumanControllingUs: 0, StartBugReporterOnCrash: 0, Is64bit: 1, IsPro: 1

COMMAND LINE ARGUMENTS:
C:\Program Files\Unity\Hub\Editor\2021.3.29f1\Editor\Unity.exe
-adb2
-batchMode
-noUpm
-name
AssetImportWorker0
-projectPath
C:/Users/lucas/Documents/GitHub/Intro-to-Unity
-logFile
Logs/AssetImportWorker0.log
-srvPort
61110
Successfully changed project path to: C:/Users/lucas/Documents/GitHub/Intro-to-Unity
C:/Users/lucas/Documents/GitHub/Intro-to-Unity
[UnityMemory] Configuration Parameters - Can be set up in boot.config
    "memorysetup-bucket-allocator-granularity=16"
    "memorysetup-bucket-allocator-bucket-count=8"
    "memorysetup-bucket-allocator-block-size=33554432"
    "memorysetup-bucket-allocator-block-count=8"
    "memorysetup-main-allocator-block-size=16777216"
    "memorysetup-thread-allocator-block-size=16777216"
    "memorysetup-gfx-main-allocator-block-size=16777216"
    "memorysetup-gfx-thread-allocator-block-size=16777216"
    "memorysetup-cache-allocator-block-size=4194304"
    "memorysetup-typetree-allocator-block-size=2097152"
    "memorysetup-profiler-bucket-allocator-granularity=16"
    "memorysetup-profiler-bucket-allocator-bucket-count=8"
    "memorysetup-profiler-bucket-allocator-block-size=33554432"
    "memorysetup-profiler-bucket-allocator-block-count=8"
    "memorysetup-profiler-allocator-block-size=16777216"
    "memorysetup-profiler-editor-allocator-block-size=1048576"
    "memorysetup-temp-allocator-size-main=16777216"
    "memorysetup-job-temp-allocator-block-size=2097152"
    "memorysetup-job-temp-allocator-block-size-background=1048576"
    "memorysetup-job-temp-allocator-reduction-small-platforms=262144"
    "memorysetup-temp-allocator-size-background-worker=32768"
    "memorysetup-temp-allocator-size-job-worker=262144"
    "memorysetup-temp-allocator-size-preload-manager=33554432"
    "memorysetup-temp-allocator-size-nav-mesh-worker=65536"
    "memorysetup-temp-allocator-size-audio-worker=65536"
    "memorysetup-temp-allocator-size-cloud-worker=32768"
    "memorysetup-temp-allocator-size-gi-baking-worker=262144"
    "memorysetup-temp-allocator-size-gfx=262144"
Player connection [38604] Host "[IP] 192.168.20.33 [Port] 0 [Flags] 2 [Guid] 142159589 [EditorId] 142159589 [Version] 1048832 [Id] WindowsEditor(7,Sheris_Laptop) [Debug] 1 [PackageName] WindowsEditor [ProjectName] Editor" joined multi-casting on [225.0.0.222:54997]...

Player connection [38604] Host "[IP] 192.168.20.33 [Port] 0 [Flags] 2 [Guid] 142159589 [EditorId] 142159589 [Version] 1048832 [Id] WindowsEditor(7,Sheris_Laptop) [Debug] 1 [PackageName] WindowsEditor [ProjectName] Editor" joined alternative multi-casting on [225.0.0.222:34997]...

Refreshing native plugins compatible for Editor in 149.67 ms, found 3 plugins.
Preloading 0 native plugins for Editor in 0.00 ms.
Initialize engine version: 2021.3.29f1 (204d6dc9ae1c)
[Subsystems] Discovering subsystems at path C:/Program Files/Unity/Hub/Editor/2021.3.29f1/Editor/Data/Resources/UnitySubsystems
[Subsystems] Discovering subsystems at path C:/Users/lucas/Documents/GitHub/Intro-to-Unity/Assets
GfxDevice: creating device client; threaded=0; jobified=0
Direct3D:
    Version:  Direct3D 11.0 [level 11.1]
    Renderer: Qualcomm(R) Adreno(TM) 8cx Gen 3 (ID=0x36333630)
    Vendor:   Qualcomm
    VRAM:     7889 MB
Initialize mono
Mono path[0] = 'C:/Program Files/Unity/Hub/Editor/2021.3.29f1/Editor/Data/Managed'
Mono path[1] = 'C:/Program Files/Unity/Hub/Editor/2021.3.29f1/Editor/Data/MonoBleedingEdge/lib/mono/unityjit-win32'
Mono config path = 'C:/Program Files/Unity/Hub/Editor/2021.3.29f1/Editor/Data/MonoBleedingEdge/etc'
Using monoOptions --debugger-agent=transport=dt_socket,embedding=1,server=y,suspend=n,address=127.0.0.1:56708
Begin MonoManager ReloadAssembly
Registering precompiled unity dll's ...
Register platform support module: C:/Program Files/Unity/Hub/Editor/2021.3.29f1/Editor/Data/PlaybackEngines/WindowsStandaloneSupport/UnityEditor.WindowsStandalone.Extensions.dll
Registered in 0.007275 seconds.
Native extension for WindowsStandalone target not found
Refreshing native plugins compatible for Editor in 138.20 ms, found 3 plugins.
Preloading 0 native plugins for Editor in 0.00 ms.
Mono: successfully reloaded assembly
- Completed reload, in  1.877 seconds
Domain Reload Profiling:
	ReloadAssembly (1879ms)
		BeginReloadAssembly (205ms)
			ExecutionOrderSort (0ms)
			DisableScriptedObjects (0ms)
			BackupInstance (0ms)
			ReleaseScriptingObjects (0ms)
			CreateAndSetChildDomain (2ms)
		EndReloadAssembly (1372ms)
			LoadAssemblies (200ms)
			RebuildTransferFunctionScriptingTraits (0ms)
			SetupTypeCache (362ms)
			ReleaseScriptCaches (0ms)
			RebuildScriptCaches (95ms)
			SetupLoadedEditorAssemblies (760ms)
				LogAssemblyErrors (0ms)
				InitializePlatformSupportModulesInManaged (23ms)
				SetLoadedEditorAssemblies (1ms)
				RefreshPlugins (138ms)
				BeforeProcessingInitializeOnLoad (4ms)
				ProcessInitializeOnLoadAttributes (434ms)
				ProcessInitializeOnLoadMethodAttributes (160ms)
				AfterProcessingInitializeOnLoad (0ms)
				EditorAssembliesLoaded (0ms)
			ExecutionOrderSort2 (0ms)
			AwakeInstancesAfterBackupRestoration (0ms)
Platform modules already initialized, skipping
Registering precompiled user dll's ...
Registered in 0.009679 seconds.
Begin MonoManager ReloadAssembly
Symbol file LoadedFromMemory doesn't match image C:\Users\lucas\Documents\GitHub\Intro-to-Unity\Library\PackageCache\com.unity.visualscripting@1.8.0\Editor\VisualScripting.Core\Dependencies\YamlDotNet\Unity.VisualScripting.YamlDotNet.dll
Symbol file LoadedFromMemory doesn't match image C:\Users\lucas\Documents\GitHub\Intro-to-Unity\Library\PackageCache\com.unity.visualscripting@1.8.0\Editor\VisualScripting.Core\Dependencies\DotNetZip\Unity.VisualScripting.IonicZip.dll
Native extension for WindowsStandalone target not found
Refreshing native plugins compatible for Editor in 1.10 ms, found 3 plugins.
Preloading 0 native plugins for Editor in 0.00 ms.
Mono: successfully reloaded assembly
- Completed reload, in  3.593 seconds
Domain Reload Profiling:
	ReloadAssembly (3596ms)
		BeginReloadAssembly (356ms)
			ExecutionOrderSort (0ms)
			DisableScriptedObjects (23ms)
			BackupInstance (0ms)
			ReleaseScriptingObjects (0ms)
			CreateAndSetChildDomain (53ms)
		EndReloadAssembly (2899ms)
			LoadAssemblies (217ms)
			RebuildTransferFunctionScriptingTraits (0ms)
			SetupTypeCache (976ms)
			ReleaseScriptCaches (2ms)
			RebuildScriptCaches (234ms)
			SetupLoadedEditorAssemblies (1321ms)
				LogAssemblyErrors (0ms)
				InitializePlatformSupportModulesInManaged (24ms)
				SetLoadedEditorAssemblies (2ms)
				RefreshPlugins (1ms)
				BeforeProcessingInitializeOnLoad (213ms)
				ProcessInitializeOnLoadAttributes (982ms)
				ProcessInitializeOnLoadMethodAttributes (87ms)
				AfterProcessingInitializeOnLoad (11ms)
				EditorAssembliesLoaded (0ms)
			ExecutionOrderSort2 (0ms)
			AwakeInstancesAfterBackupRestoration (16ms)
Platform modules already initialized, skipping
========================================================================
Worker process is ready to serve import requests
Launched and connected shader compiler UnityShaderCompiler.exe after 0.07 seconds
Refreshing native plugins compatible for Editor in 1.16 ms, found 3 plugins.
Preloading 0 native plugins for Editor in 0.00 ms.
Unloading 3426 Unused Serialized files (Serialized files now loaded: 0)
Unloading 23 unused Assets / (109.4 KB). Loaded Objects now: 3889.
Memory consumption went from 123.4 MB to 123.3 MB.
Total: 7.105600 ms (FindLiveObjects: 0.499300 ms CreateObjectMapping: 0.257800 ms MarkObjects: 5.830900 ms  DeleteObjects: 0.508700 ms)

AssetImportParameters requested are different than current active one (requested -> active):
  custom:video-decoder-ogg-theora: a1e56fd34408186e4bbccfd4996cb3dc -> 
  custom:container-muxer-webm: aa71ff27fc2769a1b78a27578f13a17b -> 
  custom:container-demuxer-webm: 4f35f7cbe854078d1ac9338744f61a02 -> 
  custom:video-encoder-webm-vp8: eb34c28f22e8b96e1ab97ce403110664 -> 
  custom:video-codec-MediaFoundation-h265: 746d11721c4dcdbdad8f713fa42b33f4 -> 
  custom:audio-encoder-webm-vorbis: bf7c407c2cedff20999df2af8eb42d56 -> 
  custom:framework-win-MediaFoundation: 216162199b28c13a410421893ffa2e32 -> 
  custom:container-demuxer-ogg: 62fdf1f143b41e24485cea50d1cbac27 -> 
  custom:video-decoder-webm-vp8: 9c59270c3fd7afecdb556c50c9e8de78 -> 
  custom:audio-decoder-ogg-vorbis: bf7c407c2cedff20999df2af8eb42d56 -> 
========================================================================
Received Prepare
Refreshing native plugins compatible for Editor in 6.99 ms, found 3 plugins.
Preloading 0 native plugins for Editor in 0.00 ms.
Unloading 16 Unused Serialized files (Serialized files now loaded: 0)
Unloading 16 unused Assets / (83.4 KB). Loaded Objects now: 3889.
Memory consumption went from 52.9 MB to 52.9 MB.
Total: 4.650700 ms (FindLiveObjects: 0.360700 ms CreateObjectMapping: 0.262500 ms MarkObjects: 3.780900 ms  DeleteObjects: 0.240500 ms)

AssetImportParameters requested are different than current active one (requested -> active):
  custom:video-decoder-ogg-theora: a1e56fd34408186e4bbccfd4996cb3dc -> 
  custom:container-muxer-webm: aa71ff27fc2769a1b78a27578f13a17b -> 
  custom:container-demuxer-webm: 4f35f7cbe854078d1ac9338744f61a02 -> 
  custom:video-encoder-webm-vp8: eb34c28f22e8b96e1ab97ce403110664 -> 
  custom:video-codec-MediaFoundation-h265: 746d11721c4dcdbdad8f713fa42b33f4 -> 
  custom:CustomObjectIndexerAttribute: bc11b3a6c3213fcdd17b65e7da85e133 -> 
  custom:audio-encoder-webm-vorbis: bf7c407c2cedff20999df2af8eb42d56 -> 
  custom:framework-win-MediaFoundation: 216162199b28c13a410421893ffa2e32 -> 
  custom:container-demuxer-ogg: 62fdf1f143b41e24485cea50d1cbac27 -> 
  custom:video-decoder-webm-vp8: 9c59270c3fd7afecdb556c50c9e8de78 -> 
  custom:audio-decoder-ogg-vorbis: bf7c407c2cedff20999df2af8eb42d56 -> 
========================================================================
Received Import Request.
  Time since last request: 2166610.424205 seconds.
  path: Assets
  artifactKey: Guid(00000000000000001000000000000000) Importer(815301076,1909f56bfc062723c751e8b465ee728b)
Start importing Assets using Guid(00000000000000001000000000000000) Importer(815301076,1909f56bfc062723c751e8b465ee728b)  -> (artifact id: '79842766b460edbeab6a34051e857a80') in 0.034250 seconds 
========================================================================
Received Import Request.
  Time since last request: 7.106450 seconds.
  path: Assets/Prefabs
  artifactKey: Guid(36291089f09e3134897b7a5ad6d83e9e) Importer(815301076,1909f56bfc062723c751e8b465ee728b)
Start importing Assets/Prefabs using Guid(36291089f09e3134897b7a5ad6d83e9e) Importer(815301076,1909f56bfc062723c751e8b465ee728b)  -> (artifact id: 'f23ad7b266565df503d68733c5b1acf2') in 0.018637 seconds 
========================================================================
Received Import Request.
  Time since last request: 4.223263 seconds.
  path: Assets/Prefabs/Chest.prefab
  artifactKey: Guid(52919731f2eb2484ab8e067b3c13775f) Importer(815301076,1909f56bfc062723c751e8b465ee728b)
Start importing Assets/Prefabs/Chest.prefab using Guid(52919731f2eb2484ab8e067b3c13775f) Importer(815301076,1909f56bfc062723c751e8b465ee728b)  -> (artifact id: '85225d66768d7d52e62beda9c0b74ede') in 0.225799 seconds 
========================================================================
Received Import Request.
  Time since last request: 37.071632 seconds.
  path: Assets/Prefabs/Green Key 2.prefab
  artifactKey: Guid(f2a48e4c5287b1b4fad3429d81778a7e) Importer(815301076,1909f56bfc062723c751e8b465ee728b)
Start importing Assets/Prefabs/Green Key 2.prefab using Guid(f2a48e4c5287b1b4fad3429d81778a7e) Importer(815301076,1909f56bfc062723c751e8b465ee728b)  -> (artifact id: 'a11fd44d3fe227035358b09a7750a22f') in 0.232904 seconds 
========================================================================
Received Import Request.
  Time since last request: 3.084920 seconds.
  path: Assets/Prefabs/Red Key 2 .prefab
  artifactKey: Guid(9a6fefe36921c2040baaead9f9b91684) Importer(815301076,1909f56bfc062723c751e8b465ee728b)
Start importing Assets/Prefabs/Red Key 2 .prefab using Guid(9a6fefe36921c2040baaead9f9b91684) Importer(815301076,1909f56bfc062723c751e8b465ee728b)  -> (artifact id: 'b596f0a84ba1a17f701ed4e5a92b90c9') in 0.204169 seconds 
========================================================================
Received Import Request.
  Time since last request: 2.986943 seconds.
  path: Assets/Prefabs/Blue Key 2.prefab
  artifactKey: Guid(b52e0a0e6e8274140ae74c03bbace04a) Importer(815301076,1909f56bfc062723c751e8b465ee728b)
Start importing Assets/Prefabs/Blue Key 2.prefab using Guid(b52e0a0e6e8274140ae74c03bbace04a) Importer(815301076,1909f56bfc062723c751e8b465ee728b)  -> (artifact id: '72c3070f7704200557b8eeb5067fccbd') in 0.203139 seconds 
========================================================================
Received Import Request.
  Time since last request: 16.228148 seconds.
  path: Assets/Prefabs/Spike Trap.prefab
  artifactKey: Guid(b4b3454e06ccfc44b9ca610bedbec441) Importer(815301076,1909f56bfc062723c751e8b465ee728b)
Start importing Assets/Prefabs/Spike Trap.prefab using Guid(b4b3454e06ccfc44b9ca610bedbec441) Importer(815301076,1909f56bfc062723c751e8b465ee728b)  -> (artifact id: '23afa4e3e1b51fe6840ac4a2d62f1417') in 0.024788 seconds 
========================================================================
Received Import Request.
  Time since last request: 133.557166 seconds.
  path: Assets/Materials
  artifactKey: Guid(99e6f135161bf51439fad6274bd89a1b) Importer(815301076,1909f56bfc062723c751e8b465ee728b)
Start importing Assets/Materials using Guid(99e6f135161bf51439fad6274bd89a1b) Importer(815301076,1909f56bfc062723c751e8b465ee728b)  -> (artifact id: 'c6c25f589bc4ae0ef04ed20761dcd430') in 0.018208 seconds 
========================================================================
Received Import Request.
  Time since last request: 1.234330 seconds.
  path: Assets/Materials/Chest
  artifactKey: Guid(8c7f69244c01c8549afdd8681493a428) Importer(815301076,1909f56bfc062723c751e8b465ee728b)
Start importing Assets/Materials/Chest using Guid(8c7f69244c01c8549afdd8681493a428) Importer(815301076,1909f56bfc062723c751e8b465ee728b)  -> (artifact id: '4cbcbdebb330b16c0408077a79b774b4') in 0.003500 seconds 
========================================================================
Received Import Request.
  Time since last request: 0.090118 seconds.
  path: Assets/Materials/Chest/Chest Lock.mat
  artifactKey: Guid(717ddb5d0fbb4b1409149d2e75dae1cc) Importer(815301076,1909f56bfc062723c751e8b465ee728b)
Start importing Assets/Materials/Chest/Chest Lock.mat using Guid(717ddb5d0fbb4b1409149d2e75dae1cc) Importer(815301076,1909f56bfc062723c751e8b465ee728b)  -> (artifact id: '4d1f121b1c94af1cb70dc6c18558e6c4') in 0.746562 seconds 
========================================================================
Received Import Request.
  Time since last request: 0.000088 seconds.
  path: Assets/Materials/Chest/New Material 1.mat
  artifactKey: Guid(cd1f4af003985634c90ffc449241ba8b) Importer(815301076,1909f56bfc062723c751e8b465ee728b)
Start importing Assets/Materials/Chest/New Material 1.mat using Guid(cd1f4af003985634c90ffc449241ba8b) Importer(815301076,1909f56bfc062723c751e8b465ee728b)  -> (artifact id: '95091356c9c9a945d4a427f2e34d1fdb') in 0.052574 seconds 
========================================================================
Received Import Request.
  Time since last request: 18.292416 seconds.
  path: Assets/Prefabs/Floor.prefab
  artifactKey: Guid(44cfc8ae7f0bc664d930233a751de42a) Importer(815301076,1909f56bfc062723c751e8b465ee728b)
Start importing Assets/Prefabs/Floor.prefab using Guid(44cfc8ae7f0bc664d930233a751de42a) Importer(815301076,1909f56bfc062723c751e8b465ee728b)  -> (artifact id: '064222130ccb430182e4e21cd60163dd') in 0.016594 seconds 
